#
# There is insufficient memory for the Java Runtime Environment to continue.
# Native memory allocation (malloc) failed to allocate 1048576 bytes for AllocateHeap
# Possible reasons:
#   The system is out of physical RAM or swap space
#   The process is running with CompressedOops enabled, and the Java Heap may be blocking the growth of the native heap
# Possible solutions:
#   Reduce memory load on the system
#   Increase physical memory or swap space
#   Check if swap backing store is full
#   Decrease Java heap size (-Xmx/-Xms)
#   Decrease number of Java threads
#   Decrease Java thread stack sizes (-Xss)
#   Set larger code cache with -XX:ReservedCodeCacheSize=
#   JVM is running with Unscaled Compressed Oops mode in which the Java heap is
#     placed in the first 4GB address space. The Java Heap base address is the
#     maximum limit for the native heap growth. Please use -XX:HeapBaseMinAddress
#     to set the Java Heap base and to place the Java Heap above 4GB virtual address.
# This output file may be truncated or incomplete.
#
#  Out of Memory Error (memory/allocation.inline.hpp:61), pid=20692, tid=0x000000000000099c
#
# JRE version:  (8.0_211-b12) (build )
# Java VM: Java HotSpot(TM) 64-Bit Server VM (25.211-b12 mixed mode windows-amd64 compressed oops)
# Failed to write core dump. Minidumps are not enabled by default on client versions of Windows
#

---------------  T H R E A D  ---------------

Current thread (0x000000000173e000):  JavaThread "Unknown thread" [_thread_in_vm, id=2460, stack(0x0000000003030000,0x0000000003130000)]

Stack: [0x0000000003030000,0x0000000003130000]
[error occurred during error reporting (printing stack bounds), id 0xc0000005]

Native frames: (J=compiled Java code, j=interpreted, Vv=VM code, C=native code)


---------------  P R O C E S S  ---------------

Java Threads: ( => current thread )

Other Threads:

=>0x000000000173e000 (exited) JavaThread "Unknown thread" [_thread_in_vm, id=2460, stack(0x0000000003030000,0x0000000003130000)]

VM state:not at safepoint (normal execution)

VM Mutex/Monitor currently owned by a thread: None

heap address: 0x0000000083000000, size: 2000 MB, Compressed Oops mode: 32-bit
Narrow klass base: 0x0000000000000000, Narrow klass shift: 3
Compressed class space size: 1073741824 Address: 0x0000000100000000

Heap:
 PSYoungGen      total 37888K, used 655K [0x00000000d6580000, 0x00000000d8f80000, 0x0000000100000000)
  eden space 32768K, 2% used [0x00000000d6580000,0x00000000d6623d80,0x00000000d8580000)
  from space 5120K, 0% used [0x00000000d8a80000,0x00000000d8a80000,0x00000000d8f80000)
  to   space 5120K, 0% used [0x00000000d8580000,0x00000000d8580000,0x00000000d8a80000)
 ParOldGen       total 86016K, used 0K [0x0000000083000000, 0x0000000088400000, 0x00000000d6580000)
  object space 86016K, 0% used [0x0000000083000000,0x0000000083000000,0x0000000088400000)
 Metaspace       used 751K, capacity 4480K, committed 4480K, reserved 1056768K
  class space    used 76K, capacity 384K, committed 384K, reserved 1048576K

Card table byte_map: [0x00000000125f0000,0x00000000129e0000] byte_map_base: 0x00000000121d8000

Marking Bits: (ParMarkBitMap*) 0x000000006ed15ce0
 Begin Bits: [0x0000000013480000, 0x00000000153c0000)
 End Bits:   [0x00000000153c0000, 0x0000000017300000)

Polling page: 0x0000000001700000

CodeCache: size=245760Kb used=328Kb max_used=328Kb free=245431Kb
 bounds [0x0000000003230000, 0x00000000034a0000, 0x0000000012230000]
 total_blobs=58 nmethods=0 adapters=38
 compilation: enabled

Compilation events (0 events):
No events

GC Heap History (0 events):
No events

Deoptimization events (0 events):
No events

Classes redefined (0 events):
No events

Internal exceptions (0 events):
No events

Events (10 events):
Event: 0.030 loading class java/lang/Short
Event: 0.030 loading class java/lang/Short done
Event: 0.030 loading class java/lang/Integer
Event: 0.030 loading class java/lang/Integer done
Event: 0.030 loading class java/lang/Long
Event: 0.030 loading class java/lang/Long done
Event: 0.031 loading class java/lang/NullPointerException
Event: 0.031 loading class java/lang/NullPointerException done
Event: 0.031 loading class java/lang/ArithmeticException
Event: 0.031 loading class java/lang/ArithmeticException done


Dynamic libraries:
0x00007ff679fd0000 - 0x00007ff67a007000 	C:\Program Files\Java\jre1.8.0_211\bin\javaw.exe
0x00007ff97e0c0000 - 0x00007ff97e2a1000 	C:\WINDOWS\SYSTEM32\ntdll.dll
0x00007ff97dab0000 - 0x00007ff97db61000 	C:\WINDOWS\System32\KERNEL32.DLL
0x00007ff97a510000 - 0x00007ff97a783000 	C:\WINDOWS\System32\KERNELBASE.dll
0x00007ff97b860000 - 0x00007ff97b901000 	C:\WINDOWS\System32\ADVAPI32.dll
0x00007ff97d8b0000 - 0x00007ff97d94e000 	C:\WINDOWS\System32\msvcrt.dll
0x00007ff97e020000 - 0x00007ff97e07b000 	C:\WINDOWS\System32\sechost.dll
0x00007ff97db70000 - 0x00007ff97dc94000 	C:\WINDOWS\System32\RPCRT4.dll
0x00007ff97cd60000 - 0x00007ff97cef0000 	C:\WINDOWS\System32\USER32.dll
0x00007ff97a4f0000 - 0x00007ff97a510000 	C:\WINDOWS\System32\win32u.dll
0x00007ff97d9c0000 - 0x00007ff97d9e8000 	C:\WINDOWS\System32\GDI32.dll
0x00007ff97aaf0000 - 0x00007ff97ac82000 	C:\WINDOWS\System32\gdi32full.dll
0x00007ff97a9d0000 - 0x00007ff97aa6f000 	C:\WINDOWS\System32\msvcp_win.dll
0x00007ff97ac90000 - 0x00007ff97ad88000 	C:\WINDOWS\System32\ucrtbase.dll
0x00007ff972620000 - 0x00007ff972889000 	C:\WINDOWS\WinSxS\amd64_microsoft.windows.common-controls_6595b64144ccf1df_6.0.17134.765_none_fb42a1a930655896\COMCTL32.dll
0x00007ff97d130000 - 0x00007ff97d452000 	C:\WINDOWS\System32\combase.dll
0x00007ff97aa70000 - 0x00007ff97aaea000 	C:\WINDOWS\System32\bcryptPrimitives.dll
0x00007ff97d0a0000 - 0x00007ff97d0cd000 	C:\WINDOWS\System32\IMM32.DLL
0x000000006e330000 - 0x000000006e402000 	C:\Program Files\Java\jre1.8.0_211\bin\msvcr100.dll
0x000000006e4f0000 - 0x000000006ed95000 	C:\Program Files\Java\jre1.8.0_211\bin\server\jvm.dll
0x00007ff97d090000 - 0x00007ff97d098000 	C:\WINDOWS\System32\PSAPI.DLL
0x00007ff9736f0000 - 0x00007ff9736f9000 	C:\WINDOWS\SYSTEM32\WSOCK32.dll
0x00007ff978310000 - 0x00007ff978333000 	C:\WINDOWS\SYSTEM32\WINMM.dll
0x00007ff97d950000 - 0x00007ff97d9bc000 	C:\WINDOWS\System32\WS2_32.dll
0x00007ff974e10000 - 0x00007ff974e1a000 	C:\WINDOWS\SYSTEM32\VERSION.dll
0x00007ff9782e0000 - 0x00007ff97830a000 	C:\WINDOWS\SYSTEM32\winmmbase.dll
0x00007ff97a980000 - 0x00007ff97a9c9000 	C:\WINDOWS\System32\cfgmgr32.dll
0x00007ff9729d0000 - 0x00007ff9729df000 	C:\Program Files\Java\jre1.8.0_211\bin\verify.dll
0x00007ff961080000 - 0x00007ff9610a9000 	C:\Program Files\Java\jre1.8.0_211\bin\java.dll
0x00007ff962240000 - 0x00007ff962256000 	C:\Program Files\Java\jre1.8.0_211\bin\zip.dll

VM Arguments:
jvm_args: -Dfile.encoding=Cp1258 
java_command: mainChayChuongTrinh.main
java_class_path (initial): C:\Program Files\Java\jre1.8.0_211\lib\resources.jar;C:\Program Files\Java\jre1.8.0_211\lib\rt.jar;C:\Program Files\Java\jre1.8.0_211\lib\jsse.jar;C:\Program Files\Java\jre1.8.0_211\lib\jce.jar;C:\Program Files\Java\jre1.8.0_211\lib\charsets.jar;C:\Program Files\Java\jre1.8.0_211\lib\jfr.jar;C:\Program Files\Java\jre1.8.0_211\lib\ext\access-bridge-64.jar;C:\Program Files\Java\jre1.8.0_211\lib\ext\cldrdata.jar;C:\Program Files\Java\jre1.8.0_211\lib\ext\dnsns.jar;C:\Program Files\Java\jre1.8.0_211\lib\ext\jaccess.jar;C:\Program Files\Java\jre1.8.0_211\lib\ext\jfxrt.jar;C:\Program Files\Java\jre1.8.0_211\lib\ext\localedata.jar;C:\Program Files\Java\jre1.8.0_211\lib\ext\nashorn.jar;C:\Program Files\Java\jre1.8.0_211\lib\ext\sunec.jar;C:\Program Files\Java\jre1.8.0_211\lib\ext\sunjce_provider.jar;C:\Program Files\Java\jre1.8.0_211\lib\ext\sunmscapi.jar;C:\Program Files\Java\jre1.8.0_211\lib\ext\sunpkcs11.jar;C:\Program Files\Java\jre1.8.0_211\lib\ext\zipfs.jar;E:\laptrinh\java\duan1\QuanLyQuanCafe\bin;E:\laptrinh\java\duan1\QuanLyQuanCafe\src\libs\mysql-connector-java-8.0.15.jar;E:\laptrinh\java\duan1\QuanLyQuanCafe\libs\mysql-connector-java-8.0.15.jar;E:\laptrinh\java\duan1\QuanLyQuanCafe\jgoodies-common-1.8.0.jar;E:\laptrinh\java\duan1\QuanLyQuanCafe\jgoodies-forms-1.8.0.jar
Launcher Type: SUN_STANDARD

Environment Variables:
PATH=C:/Program Files/Java/jre1.8.0_211/bin/server;C:/Program Files/Java/jre1.8.0_211/bin;C:/Program Files/Java/jre1.8.0_211/lib/amd64;C:\Program Files (x86)\Common Files\Oracle\Java\javapath;"C:\Program Files (x86)\Common Files\Oracle\Java\javapath;C:\Program Files\Java\jdk1.8.0_201\bin;";C:\WINDOWS\system32;C:\WINDOWS;C:\WINDOWS\System32\Wbem;C:\WINDOWS\System32\WindowsPowerShell\v1.0\;C:\WINDOWS\System32\OpenSSH\;C:\Program Files\Java\jdk1.8.0_201\bin;C:\Users\TranDucLoc\AppData\Local\Microsoft\WindowsApps;;C:\Users\TranDucLoc\Desktop\eclipse-jee-oxygen-RC2-win32-x86_64 (1)\eclipse;
USERNAME=TranDucLoc
OS=Windows_NT
PROCESSOR_IDENTIFIER=Intel64 Family 6 Model 60 Stepping 3, GenuineIntel



---------------  S Y S T E M  ---------------

OS: Windows 10.0 , 64 bit Build 17134 (10.0.17134.753)

CPU:total 8 (initial active 8) (4 cores per cpu, 2 threads per core) family 6 model 60 stepping 3, cmov, cx8, fxsr, mmx, sse, sse2, sse3, ssse3, sse4.1, sse4.2, popcnt, avx, avx2, aes, clmul, erms, lzcnt, ht, tsc, tscinvbit, bmi1, bmi2

Memory: 4k page, physical 8184940k(1893084k free), swap 21197844k(6144k free)

vm_info: Java HotSpot(TM) 64-Bit Server VM (25.211-b12) for windows-amd64 JRE (1.8.0_211-b12), built on Apr  1 2019 20:53:26 by "java_re" with MS VC++ 10.0 (VS2010)

time: Fri Jun 07 08:48:37 2019
timezone: SE Asia Standard Time
elapsed time: 0 seconds (0d 0h 0m 0s)

